<?xml version="1.0" encoding="UTF-8"?>
<testng-results skipped="0" failed="0" total="1" passed="1">
  <reporter-output>
  </reporter-output>
  <suite name="Default suite" duration-ms="12144" started-at="2019-02-25T02:33:21Z" finished-at="2019-02-25T02:33:33Z">
    <groups>
    </groups>
    <test name="Default test" duration-ms="12144" started-at="2019-02-25T02:33:21Z" finished-at="2019-02-25T02:33:33Z">
      <class name="example.NewTest">
        <test-method status="PASS" signature="beforeMethod()[pri:0, instance:example.NewTest@29ef6856]" name="beforeMethod" is-config="true" duration-ms="5343" started-at="2019-02-25T09:33:21Z" finished-at="2019-02-25T09:33:26Z">
          <reporter-output>
          </reporter-output>
        </test-method> <!-- beforeMethod -->
        <test-method status="PASS" signature="f()[pri:0, instance:example.NewTest@29ef6856]" name="f" duration-ms="5520" started-at="2019-02-25T09:33:26Z" description="Set up new alure" finished-at="2019-02-25T09:33:31Z">
          <reporter-output>
          </reporter-output>
        </test-method> <!-- f -->
        <test-method status="PASS" signature="afterMethod()[pri:0, instance:example.NewTest@29ef6856]" name="afterMethod" is-config="true" duration-ms="1237" started-at="2019-02-25T09:33:31Z" finished-at="2019-02-25T09:33:33Z">
          <reporter-output>
          </reporter-output>
        </test-method> <!-- afterMethod -->
      </class> <!-- example.NewTest -->
    </test> <!-- Default test -->
  </suite> <!-- Default suite -->
</testng-results>
